<?xml version="1.0" encoding="UTF-8"?>
<!-- Generated by org.testng.reporters.JUnitReportReporter -->
<testsuite hostname="sirisha" failures="0" tests="2" name="TestScripts.Example_ExtendReports" time="13.228" errors="0" timestamp="2024-07-30T12:46:05 IST" skipped="0">
  <testcase classname="TestScripts.Example_ExtendReports" name="testcase01" time="7.264"/>
  <system-out/>
  <testcase classname="TestScripts.Example_ExtendReports" name="testcase02" time="5.964"/>
  <system-out/>
</testsuite> <!-- TestScripts.Example_ExtendReports -->
