<?xml version="1.0" encoding="UTF-8"?>
<!-- Generated by org.testng.reporters.JUnitReportReporter -->
<testsuite hostname="sirisha" failures="0" tests="1" name="TestScripts.AddToWishList" time="17.810" errors="0" timestamp="2024-07-26T15:28:22 IST" skipped="0">
  <testcase classname="TestScripts.AddToWishList" name="Verify_User_Is_Able_To_Add_Product_To_WishList" time="17.810"/>
  <system-out>
    <![CDATA[Book Page should be displayed]]>
  </system-out>
</testsuite> <!-- TestScripts.AddToWishList -->
